<?xml version="1.0" encoding="UTF-8"?>
<testsuite xmlns:xsi="http://www.w3.org/2001/XMLSchema-instance" xsi:noNamespaceSchemaLocation="https://maven.apache.org/surefire/maven-surefire-plugin/xsd/surefire-test-report.xsd" name="com.cybage.AppTest" time="0.205" tests="3" errors="0" skipped="0" failures="0">
  <properties>
[...]
</properties>
  <testcase name="isNotPalindromTest" classname="com.cybage.AppTest" time="0.003"/>
  <testcase name="isPalindromeTest" classname="com.cybage.AppTest" time="0"/>
  <testcase name="isPalindromExceptionTest" classname="com.cybage.AppTest" time="0"/>
</testsuite>